<?xml version="1.0" encoding="UTF-8"?>
<!-- Generated by org.testng.reporters.JUnitXMLReporter -->
<testsuite ignored="6" hostname="Tester-PC" failures="0" tests="0" time="0.01" errors="0" timestamp="13 Aug 2018 06:21:19 GMT">
  <testcase classname="com.stepdefs.stepDefinition" name="click_login" time="0.0">
    <ignored/>
  </testcase> <!-- click_login -->
  <testcase classname="com.stepdefs.stepDefinition" name="close_browser" time="0.0">
    <ignored/>
  </testcase> <!-- close_browser -->
  <testcase classname="com.stepdefs.stepDefinition" name="click_Login" time="0.0">
    <ignored/>
  </testcase> <!-- click_Login -->
  <testcase classname="com.stepdefs.stepDefinition" name="enter_user_id_and_click_continue" time="0.0">
    <ignored/>
  </testcase> <!-- enter_user_id_and_click_continue -->
  <testcase classname="com.stepdefs.stepDefinition" name="enter_password" time="0.0">
    <ignored/>
  </testcase> <!-- enter_password -->
  <testcase classname="com.stepdefs.stepDefinition" name="url_opened" time="0.0">
    <ignored/>
  </testcase> <!-- url_opened -->
</testsuite>
